<?xml version="1.0" encoding="UTF-8"?>
<testng-results skipped="0" failed="0" total="1" passed="1">
  <reporter-output>
  </reporter-output>
  <suite name="Suite" duration-ms="27" started-at="2016-10-23T13:35:29Z" finished-at="2016-10-23T13:35:29Z">
    <groups>
    </groups>
    <test name="Test" duration-ms="27" started-at="2016-10-23T13:35:29Z" finished-at="2016-10-23T13:35:29Z">
      <class name="firsttestngpackage.FirstTestNGFile">
        <test-method status="PASS" signature="verifyHomePageTitle()[pri:0, instance:firsttestngpackage.FirstTestNGFile@100fc185]" name="verifyHomePageTitle" duration-ms="11" started-at="2016-10-23T18:35:29Z" finished-at="2016-10-23T18:35:29Z">
          <reporter-output>
          </reporter-output>
        </test-method> <!-- verifyHomePageTitle -->
      </class> <!-- firsttestngpackage.FirstTestNGFile -->
    </test> <!-- Test -->
  </suite> <!-- Suite -->
</testng-results>
